Release 14.7 - xst P.20131013 (nt64)
Copyright (c) 1995-2013 Xilinx, Inc.  All rights reserved.
--> Parameter TMPDIR set to xst/projnav.tmp


Total REAL time to Xst completion: 0.00 secs
Total CPU time to Xst completion: 0.08 secs
 
--> Parameter xsthdpdir set to xst


Total REAL time to Xst completion: 0.00 secs
Total CPU time to Xst completion: 0.08 secs
 
--> Reading design: RamRom.prj

TABLE OF CONTENTS
  1) Synthesis Options Summary
  2) HDL Compilation
  3) Design Hierarchy Analysis
  4) HDL Analysis
  5) HDL Synthesis
     5.1) HDL Synthesis Report
  6) Advanced HDL Synthesis
     6.1) Advanced HDL Synthesis Report
  7) Low Level Synthesis
  8) Partition Report
  9) Final Report

=========================================================================
*                      Synthesis Options Summary                        *
=========================================================================
---- Source Parameters
Input File Name                    : "RamRom.prj"
Input Format                       : mixed
Ignore Synthesis Constraint File   : NO

---- Target Parameters
Output File Name                   : "RamRom"
Output Format                      : NGC
Target Device                      : XC9500XL CPLDs

---- Source Options
Top Module Name                    : RamRom
Automatic FSM Extraction           : YES
FSM Encoding Algorithm             : Auto
Safe Implementation                : No
Mux Extraction                     : Yes
Resource Sharing                   : YES

---- Target Options
Add IO Buffers                     : YES
MACRO Preserve                     : YES
XOR Preserve                       : YES
Equivalent register Removal        : YES

---- General Options
Optimization Goal                  : Speed
Optimization Effort                : 1
Keep Hierarchy                     : Yes
Netlist Hierarchy                  : As_Optimized
RTL Output                         : Yes
Hierarchy Separator                : /
Bus Delimiter                      : <>
Case Specifier                     : Maintain
Verilog 2001                       : YES

---- Other Options
Clock Enable                       : YES
wysiwyg                            : NO

=========================================================================


=========================================================================
*                          HDL Compilation                              *
=========================================================================
Compiling verilog file "RamRom.v" in library work
Module <RamRom> compiled
No errors in compilation
Analysis of file <"RamRom.prj"> succeeded.
 

=========================================================================
*                     Design Hierarchy Analysis                         *
=========================================================================
Analyzing hierarchy for module <RamRom> in library <work>.


=========================================================================
*                            HDL Analysis                               *
=========================================================================
Analyzing top module <RamRom>.
Module <RamRom> is correct for synthesis.
 

=========================================================================
*                           HDL Synthesis                               *
=========================================================================

Performing bidirectional port resolution...

Synthesizing Unit <RamRom>.
    Related source file is "RamRom.v".
    Found 4-bit tristate buffer for signal <Data>.
    Found 16-bit comparator greatequal for signal <BasRomCS$cmp_ge0000> created at line 119.
    Found 16-bit comparator lessequal for signal <BasRomCS$cmp_le0000> created at line 119.
    Found 16-bit comparator greatequal for signal <DskRAMCS$cmp_ge0000> created at line 72.
    Found 16-bit comparator lessequal for signal <DskRAMCS$cmp_le0000> created at line 72.
    Found 1-bit xor2 for signal <DskRAMEN>.
    Found 16-bit comparator greatequal for signal <DskRomCS$cmp_ge0000> created at line 121.
    Found 16-bit comparator lessequal for signal <DskRomCS$cmp_le0000> created at line 121.
    Found 1-bit xor2 for signal <DskROMEN>.
    Found 4-bit comparator greater for signal <ExtRomCS$cmp_gt0000> created at line 118.
    Found 16-bit comparator greatequal for signal <ExtRomRamCS$cmp_ge0000> created at line 67.
    Found 16-bit comparator lessequal for signal <ExtRomRamCS$cmp_le0000> created at line 67.
    Found 16-bit comparator greatequal for signal <FPRomCS$cmp_ge0000> created at line 120.
    Found 16-bit comparator lessequal for signal <FPRomCS$cmp_le0000> created at line 120.
    Found 16-bit comparator greatequal for signal <IOBuffEn$cmp_ge0000> created at line 149.
    Found 16-bit comparator lessequal for signal <IOBuffEn$cmp_le0000> created at line 149.
    Found 16-bit comparator less for signal <LowRAMCS>.
    Found 16-bit comparator greatequal for signal <MidRAMCS$cmp_ge0000> created at line 73.
    Found 16-bit comparator lessequal for signal <MidRAMCS$cmp_le0000> created at line 73.
    Found 16-bit comparator greatequal for signal <MOSRomCS>.
    Found 16-bit comparator less for signal <RARAM$cmp_lt0000> created at line 130.
    Found 16-bit comparator less for signal <RAROM$cmp_lt0000> created at line 131.
    Found 4-bit register for signal <RomLatch>.
    Found 4-bit register for signal <SwitchLatch>.
    Found 16-bit comparator greatequal for signal <TopRAMCS$cmp_ge0000> created at line 74.
    Found 16-bit comparator lessequal for signal <TopRAMCS$cmp_le0000> created at line 74.
    Summary:
	inferred  21 Comparator(s).
	inferred   2 Xor(s).
	inferred   4 Tristate(s).
Unit <RamRom> synthesized.


=========================================================================
HDL Synthesis Report

Macro Statistics
# Registers                                            : 2
 4-bit register                                        : 2
# Comparators                                          : 21
 16-bit comparator greatequal                          : 9
 16-bit comparator less                                : 3
 16-bit comparator lessequal                           : 8
 4-bit comparator greater                              : 1
# Tristates                                            : 1
 4-bit tristate buffer                                 : 1
# Xors                                                 : 2
 1-bit xor2                                            : 2

=========================================================================

=========================================================================
*                       Advanced HDL Synthesis                          *
=========================================================================


=========================================================================
Advanced HDL Synthesis Report

Found no macro
=========================================================================

=========================================================================
*                         Low Level Synthesis                           *
=========================================================================

Optimizing unit <RamRom> ...

=========================================================================
*                           Partition Report                            *
=========================================================================

Partition Implementation Status
-------------------------------

  No Partitions were found in this design.

-------------------------------

=========================================================================
*                            Final Report                               *
=========================================================================
Final Results
RTL Top Level Output File Name     : RamRom.ngr
Top Level Output File Name         : RamRom
Output Format                      : NGC
Optimization Goal                  : Speed
Keep Hierarchy                     : Yes
Target Technology                  : XC9500XL CPLDs
Macro Preserve                     : YES
XOR Preserve                       : YES
Clock Enable                       : YES
wysiwyg                            : NO

Design Statistics
# IOs                              : 34

Cell Usage :
# BELS                             : 181
#      AND2                        : 47
#      AND3                        : 7
#      AND4                        : 9
#      AND5                        : 1
#      AND7                        : 1
#      AND8                        : 8
#      INV                         : 77
#      OR2                         : 23
#      OR3                         : 5
#      OR4                         : 1
#      XOR2                        : 2
# FlipFlops/Latches                : 8
#      FD                          : 8
# IO Buffers                       : 34
#      IBUF                        : 20
#      IOBUFE                      : 4
#      OBUF                        : 10
=========================================================================


Total REAL time to Xst completion: 3.00 secs
Total CPU time to Xst completion: 2.71 secs
 
--> 

Total memory usage is 254424 kilobytes

Number of errors   :    0 (   0 filtered)
Number of warnings :    0 (   0 filtered)
Number of infos    :    0 (   0 filtered)

